<?xml version="1.0" encoding="UTF-8" standalone="no"?>
<testsuite errors="0" failures="0" name="io.cucumber.core.plugin.JUnitFormatter" skipped="0" tests="3" time="37.805">
    <testcase classname="Login page" name="Login unsuccessful in Nexudus website" time="9.333">
        <system-out><![CDATA[Given Login page is visible URL "https://dashboard.nexudus.com/"............passed
When Enter valid Email address "bad@example.com"............................passed
And Enter valid password "badpassword"......................................passed
And Click on Sign in........................................................passed
Then close the driver.......................................................passed
]]></system-out>
    </testcase>
    <testcase classname="Login page" name="Login successful in Nexudus website" time="7.394">
        <system-out><![CDATA[Given Login page is visible URL "https://dashboard.nexudus.com/"............passed
When Enter valid Email address "adrian+1004930927@nexudus.com"..............passed
And Enter valid password "4efPNc*LM3-6q0"...................................passed
And Successful sign in......................................................passed
Then close the driver.......................................................passed
]]></system-out>
    </testcase>
    <testcase classname="Login page" name="Add and delete a product from the products list" time="20.689">
        <system-out><![CDATA[Given Login page is visible URL "https://dashboard.nexudus.com/billing/products".passed
When Enter valid Email address "adrian+1004930927@nexudus.com"..............passed
And Enter valid password "4efPNc*LM3-6q0"...................................passed
And Successful sign in......................................................passed
And Add the Product and fill the details name "test1","Verify automation test is working for additional product." and "10" fields.passed
]]></system-out>
    </testcase>
</testsuite>
